# JRE version: OpenJDK Runtime Environment Temurin-21.0.10+7 (21.0.10+7) (build 21.0.10+7-LTS)
# Java VM: OpenJDK 64-Bit Server VM Temurin-21.0.10+7 (21.0.10+7-LTS, mixed mode, sharing, tiered, compressed oops, compressed class ptrs, parallel gc, windows-amd64)
GC Precious Log:
 CardTable entry size: 512
 CPUs: 8 total, 8 available
 Memory: 16129M
 Large Page Support: Disabled
 NUMA Support: Disabled
 Compressed Oops: Enabled (32-bit)
 Alignments: Space 512K, Generation 512K, Heap 2M
 Heap Min Capacity: 100M
 Heap Initial Capacity: 100M
 Heap Max Capacity: 2G
 Pre-touch: Disabled
 Parallel Workers: 8
Heap:
 PSYoungGen      total 19968K, used 8649K [0x00000000d5580000, 0x00000000d7200000, 0x0000000100000000)
  eden space 17920K, 38% used [0x00000000d5580000,0x00000000d5c38f60,0x00000000d6700000)
  from space 2048K, 86% used [0x00000000d7000000,0x00000000d71b9688,0x00000000d7200000)
  to   space 4096K, 0% used [0x00000000d6a00000,0x00000000d6a00000,0x00000000d6e00000)
 ParOldGen       total 94208K, used 94068K [0x0000000080000000, 0x0000000085c00000, 0x00000000d5580000)
  object space 94208K, 99% used [0x0000000080000000,0x0000000085bdd348,0x0000000085c00000)
 Metaspace       used 63750K, committed 65216K, reserved 1114112K
  class space    used 6774K, committed 7424K, reserved 1048576K
GC Heap History (20 events):
Event: 12.942 GC heap before
{Heap before GC invocations=36 (full 2):
 PSYoungGen      total 20992K, used 20565K [0x00000000d5580000, 0x00000000d6d00000, 0x0000000100000000)
  eden space 17920K, 99% used [0x00000000d5580000,0x00000000d66fb0c0,0x00000000d6700000)
  from space 3072K, 86% used [0x00000000d6700000,0x00000000d699a3b8,0x00000000d6a00000)
  to   space 3072K, 0% used [0x00000000d6a00000,0x00000000d6a00000,0x00000000d6d00000)
 ParOldGen       total 68608K, used 41939K [0x0000000080000000, 0x0000000084300000, 0x00000000d5580000)
  object space 68608K, 61% used [0x0000000080000000,0x00000000828f4da8,0x0000000084300000)
 Metaspace       used 58459K, committed 59904K, reserved 1114112K
  class space    used 6319K, committed 6912K, reserved 1048576K
}
Event: 12.947 GC heap after
{Heap after GC invocations=36 (full 2):
 PSYoungGen      total 19968K, used 1985K [0x00000000d5580000, 0x00000000d6c00000, 0x0000000100000000)
  eden space 17920K, 0% used [0x00000000d5580000,0x00000000d5580000,0x00000000d6700000)
  from space 2048K, 96% used [0x00000000d6a00000,0x00000000d6bf05f0,0x00000000d6c00000)
  to   space 2560K, 0% used [0x00000000d6700000,0x00000000d6700000,0x00000000d6980000)
 ParOldGen       total 68608K, used 48273K [0x0000000080000000, 0x0000000084300000, 0x00000000d5580000)
  object space 68608K, 70% used [0x0000000080000000,0x0000000082f244f8,0x0000000084300000)
 Metaspace       used 58459K, committed 59904K, reserved 1114112K
  class space    used 6319K, committed 6912K, reserved 1048576K
}
Event: 12.990 GC heap before
{Heap before GC invocations=37 (full 2):
 PSYoungGen      total 19968K, used 11534K [0x00000000d5580000, 0x00000000d6c00000, 0x0000000100000000)
  eden space 17920K, 53% used [0x00000000d5580000,0x00000000d5ed3320,0x00000000d6700000)
  from space 2048K, 96% used [0x00000000d6a00000,0x00000000d6bf05f0,0x00000000d6c00000)
  to   space 2560K, 0% used [0x00000000d6700000,0x00000000d6700000,0x00000000d6980000)
 ParOldGen       total 68608K, used 63593K [0x0000000080000000, 0x0000000084300000, 0x00000000d5580000)
  object space 68608K, 92% used [0x0000000080000000,0x0000000083e1a508,0x0000000084300000)
 Metaspace       used 58649K, committed 60160K, reserved 1114112K
  class space    used 6345K, committed 6976K, reserved 1048576K
}
Event: 12.992 GC heap after
{Heap after GC invocations=37 (full 2):
 PSYoungGen      total 20480K, used 272K [0x00000000d5580000, 0x00000000d6a80000, 0x0000000100000000)
  eden space 17920K, 0% used [0x00000000d5580000,0x00000000d5580000,0x00000000d6700000)
  from space 2560K, 10% used [0x00000000d6700000,0x00000000d6744010,0x00000000d6980000)
  to   space 1024K, 0% used [0x00000000d6980000,0x00000000d6980000,0x00000000d6a80000)
 ParOldGen       total 68608K, used 66553K [0x0000000080000000, 0x0000000084300000, 0x00000000d5580000)
  object space 68608K, 97% used [0x0000000080000000,0x00000000840fe6a8,0x0000000084300000)
 Metaspace       used 58649K, committed 60160K, reserved 1114112K
  class space    used 6345K, committed 6976K, reserved 1048576K
}
Event: 13.072 GC heap before
{Heap before GC invocations=38 (full 2):
 PSYoungGen      total 20480K, used 17834K [0x00000000d5580000, 0x00000000d6a80000, 0x0000000100000000)
  eden space 17920K, 98% used [0x00000000d5580000,0x00000000d66a68a8,0x00000000d6700000)
  from space 2560K, 10% used [0x00000000d6700000,0x00000000d6744010,0x00000000d6980000)
  to   space 1024K, 0% used [0x00000000d6980000,0x00000000d6980000,0x00000000d6a80000)
 ParOldGen       total 79872K, used 77563K [0x0000000080000000, 0x0000000084e00000, 0x00000000d5580000)
  object space 79872K, 97% used [0x0000000080000000,0x0000000084bbec48,0x0000000084e00000)
 Metaspace       used 59019K, committed 60416K, reserved 1114112K
  class space    used 6382K, committed 6976K, reserved 1048576K
}
Event: 13.074 GC heap after
{Heap after GC invocations=38 (full 2):
 PSYoungGen      total 18944K, used 864K [0x00000000d5580000, 0x00000000d6a80000, 0x0000000100000000)
  eden space 17920K, 0% used [0x00000000d5580000,0x00000000d5580000,0x00000000d6700000)
  from space 1024K, 84% used [0x00000000d6980000,0x00000000d6a58040,0x00000000d6a80000)
  to   space 1024K, 0% used [0x00000000d6880000,0x00000000d6880000,0x00000000d6980000)
 ParOldGen       total 79872K, used 77659K [0x0000000080000000, 0x0000000084e00000, 0x00000000d5580000)
  object space 79872K, 97% used [0x0000000080000000,0x0000000084bd6c48,0x0000000084e00000)
 Metaspace       used 59019K, committed 60416K, reserved 1114112K
  class space    used 6382K, committed 6976K, reserved 1048576K
}
Event: 13.074 GC heap before
{Heap before GC invocations=39 (full 3):
 PSYoungGen      total 18944K, used 864K [0x00000000d5580000, 0x00000000d6a80000, 0x0000000100000000)
  eden space 17920K, 0% used [0x00000000d5580000,0x00000000d5580000,0x00000000d6700000)
  from space 1024K, 84% used [0x00000000d6980000,0x00000000d6a58040,0x00000000d6a80000)
  to   space 1024K, 0% used [0x00000000d6880000,0x00000000d6880000,0x00000000d6980000)
 ParOldGen       total 79872K, used 77659K [0x0000000080000000, 0x0000000084e00000, 0x00000000d5580000)
  object space 79872K, 97% used [0x0000000080000000,0x0000000084bd6c48,0x0000000084e00000)
 Metaspace       used 59019K, committed 60416K, reserved 1114112K
  class space    used 6382K, committed 6976K, reserved 1048576K
}
Event: 13.170 GC heap after
{Heap after GC invocations=39 (full 3):
 PSYoungGen      total 18944K, used 0K [0x00000000d5580000, 0x00000000d6a80000, 0x0000000100000000)
  eden space 17920K, 0% used [0x00000000d5580000,0x00000000d5580000,0x00000000d6700000)
  from space 1024K, 0% used [0x00000000d6980000,0x00000000d6980000,0x00000000d6a80000)
  to   space 1024K, 0% used [0x00000000d6880000,0x00000000d6880000,0x00000000d6980000)
 ParOldGen       total 79872K, used 52197K [0x0000000080000000, 0x0000000084e00000, 0x00000000d5580000)
  object space 79872K, 65% used [0x0000000080000000,0x00000000832f9530,0x0000000084e00000)
 Metaspace       used 59019K, committed 60416K, reserved 1114112K
  class space    used 6382K, committed 6976K, reserved 1048576K
}
Event: 13.275 GC heap before
{Heap before GC invocations=40 (full 3):
 PSYoungGen      total 18944K, used 17920K [0x00000000d5580000, 0x00000000d6a80000, 0x0000000100000000)
  eden space 17920K, 100% used [0x00000000d5580000,0x00000000d6700000,0x00000000d6700000)
  from space 1024K, 0% used [0x00000000d6980000,0x00000000d6980000,0x00000000d6a80000)
  to   space 1024K, 0% used [0x00000000d6880000,0x00000000d6880000,0x00000000d6980000)
 ParOldGen       total 79872K, used 52197K [0x0000000080000000, 0x0000000084e00000, 0x00000000d5580000)
  object space 79872K, 65% used [0x0000000080000000,0x00000000832f9530,0x0000000084e00000)
 Metaspace       used 59873K, committed 61312K, reserved 1114112K
  class space    used 6482K, committed 7104K, reserved 1048576K
}
Event: 13.283 GC heap after
{Heap after GC invocations=40 (full 3):
 PSYoungGen      total 18944K, used 1024K [0x00000000d5580000, 0x00000000d7b00000, 0x0000000100000000)
  eden space 17920K, 0% used [0x00000000d5580000,0x00000000d5580000,0x00000000d6700000)
  from space 1024K, 100% used [0x00000000d6880000,0x00000000d6980000,0x00000000d6980000)
  to   space 10240K, 0% used [0x00000000d7100000,0x00000000d7100000,0x00000000d7b00000)
 ParOldGen       total 79872K, used 59757K [0x0000000080000000, 0x0000000084e00000, 0x00000000d5580000)
  object space 79872K, 74% used [0x0000000080000000,0x0000000083a5b540,0x0000000084e00000)
 Metaspace       used 59873K, committed 61312K, reserved 1114112K
  class space    used 6482K, committed 7104K, reserved 1048576K
}
Event: 13.415 GC heap before
{Heap before GC invocations=41 (full 3):
 PSYoungGen      total 18944K, used 18944K [0x00000000d5580000, 0x00000000d7b00000, 0x0000000100000000)
  eden space 17920K, 100% used [0x00000000d5580000,0x00000000d6700000,0x00000000d6700000)
  from space 1024K, 100% used [0x00000000d6880000,0x00000000d6980000,0x00000000d6980000)
  to   space 10240K, 0% used [0x00000000d7100000,0x00000000d7100000,0x00000000d7b00000)
 ParOldGen       total 79872K, used 59757K [0x0000000080000000, 0x0000000084e00000, 0x00000000d5580000)
  object space 79872K, 74% used [0x0000000080000000,0x0000000083a5b540,0x0000000084e00000)
 Metaspace       used 60339K, committed 61760K, reserved 1114112K
  class space    used 6518K, committed 7104K, reserved 1048576K
}
Event: 13.422 GC heap after
{Heap after GC invocations=41 (full 3):
 PSYoungGen      total 27648K, used 9248K [0x00000000d5580000, 0x00000000d7a80000, 0x0000000100000000)
  eden space 17920K, 0% used [0x00000000d5580000,0x00000000d5580000,0x00000000d6700000)
  from space 9728K, 95% used [0x00000000d7100000,0x00000000d7a08020,0x00000000d7a80000)
  to   space 9728K, 0% used [0x00000000d6780000,0x00000000d6780000,0x00000000d7100000)
 ParOldGen       total 79872K, used 60760K [0x0000000080000000, 0x0000000084e00000, 0x00000000d5580000)
  object space 79872K, 76% used [0x0000000080000000,0x0000000083b561f0,0x0000000084e00000)
 Metaspace       used 60339K, committed 61760K, reserved 1114112K
  class space    used 6518K, committed 7104K, reserved 1048576K
}
Event: 13.527 GC heap before
{Heap before GC invocations=42 (full 3):
 PSYoungGen      total 27648K, used 27168K [0x00000000d5580000, 0x00000000d7a80000, 0x0000000100000000)
  eden space 17920K, 100% used [0x00000000d5580000,0x00000000d6700000,0x00000000d6700000)
  from space 9728K, 95% used [0x00000000d7100000,0x00000000d7a08020,0x00000000d7a80000)
  to   space 9728K, 0% used [0x00000000d6780000,0x00000000d6780000,0x00000000d7100000)
 ParOldGen       total 79872K, used 60760K [0x0000000080000000, 0x0000000084e00000, 0x00000000d5580000)
  object space 79872K, 76% used [0x0000000080000000,0x0000000083b561f0,0x0000000084e00000)
 Metaspace       used 60682K, committed 62144K, reserved 1114112K
  class space    used 6536K, committed 7168K, reserved 1048576K
}
Event: 13.539 GC heap after
{Heap after GC invocations=42 (full 3):
 PSYoungGen      total 27648K, used 9428K [0x00000000d5580000, 0x00000000d7a00000, 0x0000000100000000)
  eden space 17920K, 0% used [0x00000000d5580000,0x00000000d5580000,0x00000000d6700000)
  from space 9728K, 96% used [0x00000000d6780000,0x00000000d70b52f8,0x00000000d7100000)
  to   space 9216K, 0% used [0x00000000d7100000,0x00000000d7100000,0x00000000d7a00000)
 ParOldGen       total 79872K, used 69764K [0x0000000080000000, 0x0000000084e00000, 0x00000000d5580000)
  object space 79872K, 87% used [0x0000000080000000,0x0000000084421068,0x0000000084e00000)
 Metaspace       used 60682K, committed 62144K, reserved 1114112K
  class space    used 6536K, committed 7168K, reserved 1048576K
}
Event: 13.707 GC heap before
{Heap before GC invocations=43 (full 3):
 PSYoungGen      total 27648K, used 27348K [0x00000000d5580000, 0x00000000d7a00000, 0x0000000100000000)
  eden space 17920K, 100% used [0x00000000d5580000,0x00000000d6700000,0x00000000d6700000)
  from space 9728K, 96% used [0x00000000d6780000,0x00000000d70b52f8,0x00000000d7100000)
  to   space 9216K, 0% used [0x00000000d7100000,0x00000000d7100000,0x00000000d7a00000)
 ParOldGen       total 79872K, used 69764K [0x0000000080000000, 0x0000000084e00000, 0x00000000d5580000)
  object space 79872K, 87% used [0x0000000080000000,0x0000000084421068,0x0000000084e00000)
 Metaspace       used 60996K, committed 62464K, reserved 1114112K
  class space    used 6560K, committed 7168K, reserved 1048576K
}
Event: 13.716 GC heap after
{Heap after GC invocations=43 (full 3):
 PSYoungGen      total 26624K, used 8224K [0x00000000d5580000, 0x00000000d7980000, 0x0000000100000000)
  eden space 17920K, 0% used [0x00000000d5580000,0x00000000d5580000,0x00000000d6700000)
  from space 8704K, 94% used [0x00000000d7100000,0x00000000d7908020,0x00000000d7980000)
  to   space 8704K, 0% used [0x00000000d6880000,0x00000000d6880000,0x00000000d7100000)
 ParOldGen       total 79872K, used 78912K [0x0000000080000000, 0x0000000084e00000, 0x00000000d5580000)
  object space 79872K, 98% used [0x0000000080000000,0x0000000084d103c0,0x0000000084e00000)
 Metaspace       used 60996K, committed 62464K, reserved 1114112K
  class space    used 6560K, committed 7168K, reserved 1048576K
}
Event: 14.094 GC heap before
{Heap before GC invocations=44 (full 3):
 PSYoungGen      total 26624K, used 26144K [0x00000000d5580000, 0x00000000d7980000, 0x0000000100000000)
  eden space 17920K, 100% used [0x00000000d5580000,0x00000000d6700000,0x00000000d6700000)
  from space 8704K, 94% used [0x00000000d7100000,0x00000000d7908020,0x00000000d7980000)
  to   space 8704K, 0% used [0x00000000d6880000,0x00000000d6880000,0x00000000d7100000)
 ParOldGen       total 79872K, used 78912K [0x0000000080000000, 0x0000000084e00000, 0x00000000d5580000)
  object space 79872K, 98% used [0x0000000080000000,0x0000000084d103c0,0x0000000084e00000)
 Metaspace       used 62000K, committed 63488K, reserved 1114112K
  class space    used 6671K, committed 7296K, reserved 1048576K
}
Event: 14.107 GC heap after
{Heap after GC invocations=44 (full 3):
 PSYoungGen      total 25600K, used 7236K [0x00000000d5580000, 0x00000000d7600000, 0x0000000100000000)
  eden space 17920K, 0% used [0x00000000d5580000,0x00000000d5580000,0x00000000d6700000)
  from space 7680K, 94% used [0x00000000d6880000,0x00000000d6f913f8,0x00000000d7000000)
  to   space 6144K, 0% used [0x00000000d7000000,0x00000000d7000000,0x00000000d7600000)
 ParOldGen       total 87040K, used 86888K [0x0000000080000000, 0x0000000085500000, 0x00000000d5580000)
  object space 87040K, 99% used [0x0000000080000000,0x00000000854da1e0,0x0000000085500000)
 Metaspace       used 62000K, committed 63488K, reserved 1114112K
  class space    used 6671K, committed 7296K, reserved 1048576K
}
Event: 14.375 GC heap before
{Heap before GC invocations=45 (full 3):
 PSYoungGen      total 25600K, used 25156K [0x00000000d5580000, 0x00000000d7600000, 0x0000000100000000)
  eden space 17920K, 100% used [0x00000000d5580000,0x00000000d6700000,0x00000000d6700000)
  from space 7680K, 94% used [0x00000000d6880000,0x00000000d6f913f8,0x00000000d7000000)
  to   space 6144K, 0% used [0x00000000d7000000,0x00000000d7000000,0x00000000d7600000)
 ParOldGen       total 87040K, used 86888K [0x0000000080000000, 0x0000000085500000, 0x00000000d5580000)
  object space 87040K, 99% used [0x0000000080000000,0x00000000854da1e0,0x0000000085500000)
 Metaspace       used 63253K, committed 64704K, reserved 1114112K
  class space    used 6749K, committed 7360K, reserved 1048576K
}
Event: 14.386 GC heap after
{Heap after GC invocations=45 (full 3):
 PSYoungGen      total 19968K, used 1765K [0x00000000d5580000, 0x00000000d7200000, 0x0000000100000000)
  eden space 17920K, 0% used [0x00000000d5580000,0x00000000d5580000,0x00000000d6700000)
  from space 2048K, 86% used [0x00000000d7000000,0x00000000d71b9688,0x00000000d7200000)
  to   space 4096K, 0% used [0x00000000d6a00000,0x00000000d6a00000,0x00000000d6e00000)
 ParOldGen       total 94208K, used 94068K [0x0000000080000000, 0x0000000085c00000, 0x00000000d5580000)
  object space 94208K, 99% used [0x0000000080000000,0x0000000085bdd348,0x0000000085c00000)
 Metaspace       used 63253K, committed 64704K, reserved 1114112K
  class space    used 6749K, committed 7360K, reserved 1048576K
}

